2014-09-25 15:50:29,208:208.211898804 - ubuntu_sso.utils.translation - WARNING - Translations not found, using null translator.
2014-09-25 15:50:29,639:639.324903488 - ubuntu_sso.main - INFO - Setting up Ubuntu SSO service.
2014-09-25 15:50:31,002:2.67505645752 - ubuntu_sso.main - INFO - Ubuntu SSO service started.
2014-09-25 15:50:31,002:2.86102294922 - ubuntu_sso.account - INFO - Creating a new SSO access layer for service url u'https://login.ubuntu.com/api/1.0/'
2014-09-25 15:50:31,077:77.7750015259 - ubuntu_sso.credentials - INFO - find_credentials: self.app_name dbus.String(u'Ubuntu Software Center'), result is {}? True
2014-09-25 15:50:31,078:78.0200958252 - ubuntu_sso.main - INFO - 'CredentialsManagement': emitting 'CredentialsNotFound' with args (dbus.String(u'Ubuntu Software Center'),) and kwargs {}
2014-09-25 15:50:41,096:96.1899757385 - ubuntu_sso.main - INFO - Shutting down, calling <function shutdown_func at 0x7fc345dd4398>.
2014-09-25 15:55:32,542:542.530059814 - ubuntu_sso.utils.translation - WARNING - Translations not found, using null translator.
2014-09-25 15:55:32,809:809.187889099 - ubuntu_sso.main - INFO - Setting up Ubuntu SSO service.
2014-09-25 15:55:33,277:277.38404274 - ubuntu_sso.main - INFO - Ubuntu SSO service started.
2014-09-25 15:55:33,278:278.512001038 - ubuntu_sso.account - INFO - Creating a new SSO access layer for service url u'https://login.ubuntu.com/api/1.0/'
2014-09-25 15:55:33,309:309.072971344 - ubuntu_sso.credentials - INFO - find_credentials: self.app_name dbus.String(u'Ubuntu Software Center'), result is {}? True
2014-09-25 15:55:33,309:309.428930283 - ubuntu_sso.main - INFO - 'CredentialsManagement': emitting 'CredentialsNotFound' with args (dbus.String(u'Ubuntu Software Center'),) and kwargs {}
2014-09-25 15:55:43,329:329.269886017 - ubuntu_sso.main - INFO - Shutting down, calling <function shutdown_func at 0x7f97d0476398>.
2014-09-25 16:00:33,086:86.7009162903 - ubuntu_sso.utils.translation - WARNING - Translations not found, using null translator.
2014-09-25 16:00:33,502:502.012014389 - ubuntu_sso.main - INFO - Setting up Ubuntu SSO service.
2014-09-25 16:00:34,030:30.8799743652 - ubuntu_sso.main - INFO - Ubuntu SSO service started.
2014-09-25 16:00:34,031:31.0659408569 - ubuntu_sso.account - INFO - Creating a new SSO access layer for service url u'https://login.ubuntu.com/api/1.0/'
2014-09-25 16:00:34,153:153.927087784 - ubuntu_sso.credentials - INFO - find_credentials: self.app_name dbus.String(u'Ubuntu Software Center'), result is {}? True
2014-09-25 16:00:34,154:154.130935669 - ubuntu_sso.main - INFO - 'CredentialsManagement': emitting 'CredentialsNotFound' with args (dbus.String(u'Ubuntu Software Center'),) and kwargs {}
2014-09-25 16:00:44,180:180.036067963 - ubuntu_sso.main - INFO - Shutting down, calling <function shutdown_func at 0x7f33f06d8398>.
2014-09-25 16:10:53,731:731.596946716 - ubuntu_sso.utils.translation - WARNING - Translations not found, using null translator.
2014-09-25 16:10:56,721:721.343994141 - ubuntu_sso.main - INFO - Setting up Ubuntu SSO service.
2014-09-25 16:10:59,737:737.634897232 - ubuntu_sso.main - INFO - Ubuntu SSO service started.
2014-09-25 16:10:59,737:737.809896469 - ubuntu_sso.account - INFO - Creating a new SSO access layer for service url u'https://login.ubuntu.com/api/1.0/'
2014-09-25 16:11:01,149:149.947881699 - ubuntu_sso.credentials - INFO - find_credentials: self.app_name dbus.String(u'Ubuntu Software Center'), result is {}? True
2014-09-25 16:11:01,150:150.321960449 - ubuntu_sso.main - INFO - 'CredentialsManagement': emitting 'CredentialsNotFound' with args (dbus.String(u'Ubuntu Software Center'),) and kwargs {}
2014-09-25 16:11:11,429:429.621934891 - ubuntu_sso.main - INFO - Shutting down, calling <function shutdown_func at 0x7f4cd3b2d398>.
2014-09-25 16:16:00,419:419.972896576 - ubuntu_sso.utils.translation - WARNING - Translations not found, using null translator.
2014-09-25 16:16:00,680:680.896997452 - ubuntu_sso.main - INFO - Setting up Ubuntu SSO service.
2014-09-25 16:16:01,043:43.9469814301 - ubuntu_sso.main - INFO - Ubuntu SSO service started.
2014-09-25 16:16:01,044:44.135093689 - ubuntu_sso.account - INFO - Creating a new SSO access layer for service url u'https://login.ubuntu.com/api/1.0/'
2014-09-25 16:16:01,120:120.268106461 - ubuntu_sso.credentials - INFO - find_credentials: self.app_name dbus.String(u'Ubuntu Software Center'), result is {}? True
2014-09-25 16:16:01,120:120.573043823 - ubuntu_sso.main - INFO - 'CredentialsManagement': emitting 'CredentialsNotFound' with args (dbus.String(u'Ubuntu Software Center'),) and kwargs {}
2014-09-25 16:16:11,171:171.745061874 - ubuntu_sso.main - INFO - Shutting down, calling <function shutdown_func at 0x7f87ca116398>.
2014-09-25 17:11:13,110:110.171079636 - ubuntu_sso.utils.translation - WARNING - Translations not found, using null translator.
2014-09-25 17:11:13,572:572.679042816 - ubuntu_sso.main - INFO - Setting up Ubuntu SSO service.
2014-09-25 17:11:14,036:36.4179611206 - ubuntu_sso.main - INFO - Ubuntu SSO service started.
2014-09-25 17:11:14,036:36.6020202637 - ubuntu_sso.account - INFO - Creating a new SSO access layer for service url u'https://login.ubuntu.com/api/1.0/'
2014-09-25 17:11:14,155:155.84897995 - ubuntu_sso.credentials - INFO - find_credentials: self.app_name dbus.String(u'Ubuntu Software Center'), result is {}? True
2014-09-25 17:11:14,156:156.152963638 - ubuntu_sso.main - INFO - 'CredentialsManagement': emitting 'CredentialsNotFound' with args (dbus.String(u'Ubuntu Software Center'),) and kwargs {}
2014-09-25 17:11:24,274:274.368047714 - ubuntu_sso.main - INFO - Shutting down, calling <function shutdown_func at 0x7f18bd293398>.
2014-09-25 17:16:15,965:965.440988541 - ubuntu_sso.utils.translation - WARNING - Translations not found, using null translator.
2014-09-25 17:16:16,420:420.732021332 - ubuntu_sso.main - INFO - Setting up Ubuntu SSO service.
2014-09-25 17:16:16,839:839.878082275 - ubuntu_sso.main - INFO - Ubuntu SSO service started.
2014-09-25 17:16:16,840:840.167999268 - ubuntu_sso.account - INFO - Creating a new SSO access layer for service url u'https://login.ubuntu.com/api/1.0/'
2014-09-25 17:16:16,882:882.611036301 - ubuntu_sso.credentials - INFO - find_credentials: self.app_name dbus.String(u'Ubuntu Software Center'), result is {}? True
2014-09-25 17:16:16,882:882.828950882 - ubuntu_sso.main - INFO - 'CredentialsManagement': emitting 'CredentialsNotFound' with args (dbus.String(u'Ubuntu Software Center'),) and kwargs {}
2014-09-25 17:16:26,901:901.48806572 - ubuntu_sso.main - INFO - Shutting down, calling <function shutdown_func at 0x7f9bd4e61398>.
2014-09-26 09:20:12,278:278.594017029 - ubuntu_sso.utils.translation - WARNING - Translations not found, using null translator.
2014-09-26 09:20:14,305:305.202007294 - ubuntu_sso.main - INFO - Setting up Ubuntu SSO service.
2014-09-26 09:20:15,668:668.193101883 - ubuntu_sso.main - INFO - Ubuntu SSO service started.
2014-09-26 09:20:15,668:668.364048004 - ubuntu_sso.account - INFO - Creating a new SSO access layer for service url u'https://login.ubuntu.com/api/1.0/'
2014-09-26 09:20:16,366:366.708040237 - ubuntu_sso.credentials - INFO - find_credentials: self.app_name dbus.String(u'Ubuntu Software Center'), result is {}? True
2014-09-26 09:20:16,384:384.928941727 - ubuntu_sso.main - INFO - 'CredentialsManagement': emitting 'CredentialsNotFound' with args (dbus.String(u'Ubuntu Software Center'),) and kwargs {}
2014-09-26 09:20:26,707:707.344055176 - ubuntu_sso.main - INFO - Shutting down, calling <function shutdown_func at 0x7faefaea8398>.
2014-09-26 09:25:16,099:99.1780757904 - ubuntu_sso.utils.translation - WARNING - Translations not found, using null translator.
2014-09-26 09:25:16,117:117.01798439 - ubuntu_sso.main - INFO - Setting up Ubuntu SSO service.
2014-09-26 09:25:16,126:126.147985458 - ubuntu_sso.main - INFO - Ubuntu SSO service started.
2014-09-26 09:25:16,126:126.322984695 - ubuntu_sso.account - INFO - Creating a new SSO access layer for service url u'https://login.ubuntu.com/api/1.0/'
2014-09-26 09:25:16,131:131.836891174 - ubuntu_sso.credentials - INFO - find_credentials: self.app_name dbus.String(u'Ubuntu Software Center'), result is {}? True
2014-09-26 09:25:16,132:132.050037384 - ubuntu_sso.main - INFO - 'CredentialsManagement': emitting 'CredentialsNotFound' with args (dbus.String(u'Ubuntu Software Center'),) and kwargs {}
2014-09-26 09:25:26,142:142.374992371 - ubuntu_sso.main - INFO - Shutting down, calling <function shutdown_func at 0x7ff76b13e398>.
2014-09-27 10:05:02,927:927.146911621 - ubuntu_sso.utils.translation - WARNING - Translations not found, using null translator.
2014-09-27 10:05:03,949:949.947118759 - ubuntu_sso.main - INFO - Setting up Ubuntu SSO service.
2014-09-27 10:05:05,209:209.988117218 - ubuntu_sso.main - INFO - Ubuntu SSO service started.
2014-09-27 10:05:05,210:210.186004639 - ubuntu_sso.account - INFO - Creating a new SSO access layer for service url u'https://login.ubuntu.com/api/1.0/'
2014-09-27 10:05:05,691:691.452026367 - ubuntu_sso.credentials - INFO - find_credentials: self.app_name dbus.String(u'Ubuntu Software Center'), result is {}? True
2014-09-27 10:05:05,691:691.713094711 - ubuntu_sso.main - INFO - 'CredentialsManagement': emitting 'CredentialsNotFound' with args (dbus.String(u'Ubuntu Software Center'),) and kwargs {}
2014-09-27 10:05:15,763:763.649940491 - ubuntu_sso.main - INFO - Shutting down, calling <function shutdown_func at 0x7f66181e4398>.
2014-09-27 10:10:06,083:83.4081172943 - ubuntu_sso.utils.translation - WARNING - Translations not found, using null translator.
2014-09-27 10:10:06,264:264.63508606 - ubuntu_sso.main - INFO - Setting up Ubuntu SSO service.
2014-09-27 10:10:06,321:321.902990341 - ubuntu_sso.main - INFO - Ubuntu SSO service started.
2014-09-27 10:10:06,322:322.092056274 - ubuntu_sso.account - INFO - Creating a new SSO access layer for service url u'https://login.ubuntu.com/api/1.0/'
2014-09-27 10:10:06,328:328.123092651 - ubuntu_sso.credentials - INFO - find_credentials: self.app_name dbus.String(u'Ubuntu Software Center'), result is {}? True
2014-09-27 10:10:06,328:328.341007233 - ubuntu_sso.main - INFO - 'CredentialsManagement': emitting 'CredentialsNotFound' with args (dbus.String(u'Ubuntu Software Center'),) and kwargs {}
2014-09-27 10:10:16,338:338.794946671 - ubuntu_sso.main - INFO - Shutting down, calling <function shutdown_func at 0x7f5705187398>.
2014-09-29 18:20:24,819:819.375991821 - ubuntu_sso.utils.translation - WARNING - Translations not found, using null translator.
2014-09-29 18:20:25,466:466.552019119 - ubuntu_sso.main - INFO - Setting up Ubuntu SSO service.
2014-09-29 18:20:25,886:886.646986008 - ubuntu_sso.main - INFO - Ubuntu SSO service started.
2014-09-29 18:20:25,886:886.883974075 - ubuntu_sso.account - INFO - Creating a new SSO access layer for service url u'https://login.ubuntu.com/api/1.0/'
2014-09-29 18:20:26,003:3.86905670166 - ubuntu_sso.credentials - INFO - find_credentials: self.app_name dbus.String(u'Ubuntu Software Center'), result is {}? True
2014-09-29 18:20:26,004:4.13608551025 - ubuntu_sso.main - INFO - 'CredentialsManagement': emitting 'CredentialsNotFound' with args (dbus.String(u'Ubuntu Software Center'),) and kwargs {}
2014-09-29 18:20:36,021:21.6619968414 - ubuntu_sso.main - INFO - Shutting down, calling <function shutdown_func at 0x7f06bc2dd398>.
2014-09-29 18:25:25,947:947.894096375 - ubuntu_sso.utils.translation - WARNING - Translations not found, using null translator.
2014-09-29 18:25:25,969:969.543933868 - ubuntu_sso.main - INFO - Setting up Ubuntu SSO service.
2014-09-29 18:25:25,981:981.951951981 - ubuntu_sso.main - INFO - Ubuntu SSO service started.
2014-09-29 18:25:25,982:982.204914093 - ubuntu_sso.account - INFO - Creating a new SSO access layer for service url u'https://login.ubuntu.com/api/1.0/'
2014-09-29 18:25:25,988:988.025903702 - ubuntu_sso.credentials - INFO - find_credentials: self.app_name dbus.String(u'Ubuntu Software Center'), result is {}? True
2014-09-29 18:25:25,988:988.236904144 - ubuntu_sso.main - INFO - 'CredentialsManagement': emitting 'CredentialsNotFound' with args (dbus.String(u'Ubuntu Software Center'),) and kwargs {}
2014-09-29 18:25:35,995:995.044946671 - ubuntu_sso.main - INFO - Shutting down, calling <function shutdown_func at 0x7f743c6ad398>.
2014-09-29 18:44:14,170:170.973062515 - ubuntu_sso.utils.translation - WARNING - Translations not found, using null translator.
2014-09-29 18:44:14,312:312.414884567 - ubuntu_sso.main - INFO - Setting up Ubuntu SSO service.
2014-09-29 18:44:14,375:375.158071518 - ubuntu_sso.main - INFO - Ubuntu SSO service started.
2014-09-29 18:44:14,375:375.530958176 - ubuntu_sso.account - INFO - Creating a new SSO access layer for service url u'https://login.ubuntu.com/api/1.0/'
2014-09-29 18:44:14,410:410.001993179 - ubuntu_sso.credentials - INFO - find_credentials: self.app_name dbus.String(u'Ubuntu Software Center'), result is {}? True
2014-09-29 18:44:14,410:410.234928131 - ubuntu_sso.main - INFO - 'CredentialsManagement': emitting 'CredentialsNotFound' with args (dbus.String(u'Ubuntu Software Center'),) and kwargs {}
2014-09-29 18:44:24,419:419.743061066 - ubuntu_sso.main - INFO - Shutting down, calling <function shutdown_func at 0x7ffe32fcd398>.
2014-09-29 18:49:15,103:103.471040726 - ubuntu_sso.utils.translation - WARNING - Translations not found, using null translator.
2014-09-29 18:49:15,130:130.911111832 - ubuntu_sso.main - INFO - Setting up Ubuntu SSO service.
2014-09-29 18:49:15,142:142.108917236 - ubuntu_sso.main - INFO - Ubuntu SSO service started.
2014-09-29 18:49:15,142:142.374038696 - ubuntu_sso.account - INFO - Creating a new SSO access layer for service url u'https://login.ubuntu.com/api/1.0/'
2014-09-29 18:49:15,149:149.338960648 - ubuntu_sso.credentials - INFO - find_credentials: self.app_name dbus.String(u'Ubuntu Software Center'), result is {}? True
2014-09-29 18:49:15,149:149.600982666 - ubuntu_sso.main - INFO - 'CredentialsManagement': emitting 'CredentialsNotFound' with args (dbus.String(u'Ubuntu Software Center'),) and kwargs {}
2014-09-29 18:49:25,160:160.564899445 - ubuntu_sso.main - INFO - Shutting down, calling <function shutdown_func at 0x7f9ffadff398>.
2014-09-30 16:55:27,748:748.682975769 - ubuntu_sso.utils.translation - WARNING - Translations not found, using null translator.
2014-09-30 16:55:28,161:161.940097809 - ubuntu_sso.main - INFO - Setting up Ubuntu SSO service.
2014-09-30 16:55:28,465:465.013980865 - ubuntu_sso.main - INFO - Ubuntu SSO service started.
2014-09-30 16:55:28,465:465.445995331 - ubuntu_sso.account - INFO - Creating a new SSO access layer for service url u'https://login.ubuntu.com/api/1.0/'
2014-09-30 16:55:28,571:571.995019913 - ubuntu_sso.credentials - INFO - find_credentials: self.app_name dbus.String(u'Ubuntu Software Center'), result is {}? True
2014-09-30 16:55:28,572:572.832107544 - ubuntu_sso.main - INFO - 'CredentialsManagement': emitting 'CredentialsNotFound' with args (dbus.String(u'Ubuntu Software Center'),) and kwargs {}
2014-09-30 16:55:38,597:597.223043442 - ubuntu_sso.main - INFO - Shutting down, calling <function shutdown_func at 0x7f43011d1398>.
2014-09-30 17:00:28,984:984.797954559 - ubuntu_sso.utils.translation - WARNING - Translations not found, using null translator.
2014-09-30 17:00:29,015:15.4349803925 - ubuntu_sso.main - INFO - Setting up Ubuntu SSO service.
2014-09-30 17:00:29,025:25.7489681244 - ubuntu_sso.main - INFO - Ubuntu SSO service started.
2014-09-30 17:00:29,026:26.6280174255 - ubuntu_sso.account - INFO - Creating a new SSO access layer for service url u'https://login.ubuntu.com/api/1.0/'
2014-09-30 17:00:29,033:33.6821079254 - ubuntu_sso.credentials - INFO - find_credentials: self.app_name dbus.String(u'Ubuntu Software Center'), result is {}? True
2014-09-30 17:00:29,033:33.8690280914 - ubuntu_sso.main - INFO - 'CredentialsManagement': emitting 'CredentialsNotFound' with args (dbus.String(u'Ubuntu Software Center'),) and kwargs {}
2014-09-30 17:00:39,044:44.7850227356 - ubuntu_sso.main - INFO - Shutting down, calling <function shutdown_func at 0x7f61e808f398>.
2014-10-04 15:06:46,570:570.813894272 - ubuntu_sso.utils.translation - WARNING - Translations not found, using null translator.
2014-10-04 15:06:47,636:636.934995651 - ubuntu_sso.main - INFO - Setting up Ubuntu SSO service.
2014-10-04 15:06:48,518:518.362045288 - ubuntu_sso.main - INFO - Ubuntu SSO service started.
2014-10-04 15:06:48,518:518.560886383 - ubuntu_sso.account - INFO - Creating a new SSO access layer for service url u'https://login.ubuntu.com/api/1.0/'
2014-10-04 15:06:49,257:257.702112198 - ubuntu_sso.credentials - INFO - find_credentials: self.app_name dbus.String(u'Ubuntu Software Center'), result is {}? True
2014-10-04 15:06:49,257:257.939100266 - ubuntu_sso.main - INFO - 'CredentialsManagement': emitting 'CredentialsNotFound' with args (dbus.String(u'Ubuntu Software Center'),) and kwargs {}
2014-10-04 15:06:59,294:294.790029526 - ubuntu_sso.main - INFO - Shutting down, calling <function shutdown_func at 0x7f05d2d64398>.
2014-10-04 15:11:49,359:359.786987305 - ubuntu_sso.utils.translation - WARNING - Translations not found, using null translator.
2014-10-04 15:11:49,407:407.073020935 - ubuntu_sso.main - INFO - Setting up Ubuntu SSO service.
2014-10-04 15:11:49,423:423.386096954 - ubuntu_sso.main - INFO - Ubuntu SSO service started.
2014-10-04 15:11:49,423:423.584938049 - ubuntu_sso.account - INFO - Creating a new SSO access layer for service url u'https://login.ubuntu.com/api/1.0/'
2014-10-04 15:11:49,439:439.346075058 - ubuntu_sso.credentials - INFO - find_credentials: self.app_name dbus.String(u'Ubuntu Software Center'), result is {}? True
2014-10-04 15:11:49,439:439.593076706 - ubuntu_sso.main - INFO - 'CredentialsManagement': emitting 'CredentialsNotFound' with args (dbus.String(u'Ubuntu Software Center'),) and kwargs {}
2014-10-04 15:11:59,450:450.05106926 - ubuntu_sso.main - INFO - Shutting down, calling <function shutdown_func at 0x7f05d6a67398>.
2014-10-05 08:15:14,279:279.82711792 - ubuntu_sso.utils.translation - WARNING - Translations not found, using null translator.
2014-10-05 08:15:14,416:416.071891785 - ubuntu_sso.main - INFO - Setting up Ubuntu SSO service.
2014-10-05 08:15:14,460:460.36195755 - ubuntu_sso.main - INFO - Ubuntu SSO service started.
2014-10-05 08:15:14,460:460.855007172 - ubuntu_sso.account - INFO - Creating a new SSO access layer for service url u'https://login.ubuntu.com/api/1.0/'
2014-10-05 08:15:14,479:479.305028915 - ubuntu_sso.credentials - INFO - find_credentials: self.app_name dbus.String(u'Ubuntu Software Center'), result is {}? True
2014-10-05 08:15:14,479:479.588985443 - ubuntu_sso.main - INFO - 'CredentialsManagement': emitting 'CredentialsNotFound' with args (dbus.String(u'Ubuntu Software Center'),) and kwargs {}
2014-10-05 08:15:24,490:490.641117096 - ubuntu_sso.main - INFO - Shutting down, calling <function shutdown_func at 0x7fb05ae4c398>.
2014-10-05 09:05:07,385:385.484933853 - ubuntu_sso.utils.translation - WARNING - Translations not found, using null translator.
2014-10-05 09:05:07,469:469.171047211 - ubuntu_sso.main - INFO - Setting up Ubuntu SSO service.
2014-10-05 09:05:07,494:494.533061981 - ubuntu_sso.main - INFO - Ubuntu SSO service started.
2014-10-05 09:05:07,495:495.070934296 - ubuntu_sso.account - INFO - Creating a new SSO access layer for service url u'https://login.ubuntu.com/api/1.0/'
2014-10-05 09:05:07,521:521.187067032 - ubuntu_sso.credentials - INFO - find_credentials: self.app_name dbus.String(u'Ubuntu Software Center'), result is {}? True
2014-10-05 09:05:07,521:521.747112274 - ubuntu_sso.main - INFO - 'CredentialsManagement': emitting 'CredentialsNotFound' with args (dbus.String(u'Ubuntu Software Center'),) and kwargs {}
2014-10-05 09:20:14,028:28.8510322571 - ubuntu_sso.main - INFO - Shutting down, calling <function shutdown_func at 0x7f34293b1398>.
2014-10-07 08:11:34,847:847.268104553 - ubuntu_sso.utils.translation - WARNING - Translations not found, using null translator.
2014-10-07 08:11:35,250:250.431060791 - ubuntu_sso.main - INFO - Setting up Ubuntu SSO service.
2014-10-07 08:11:35,548:548.857927322 - ubuntu_sso.main - INFO - Ubuntu SSO service started.
2014-10-07 08:11:35,549:549.299001694 - ubuntu_sso.account - INFO - Creating a new SSO access layer for service url u'https://login.ubuntu.com/api/1.0/'
2014-10-07 08:11:35,826:826.122045517 - ubuntu_sso.credentials - INFO - find_credentials: self.app_name dbus.String(u'Ubuntu Software Center'), result is {}? True
2014-10-07 08:11:35,826:826.646089554 - ubuntu_sso.main - INFO - 'CredentialsManagement': emitting 'CredentialsNotFound' with args (dbus.String(u'Ubuntu Software Center'),) and kwargs {}
2014-10-07 08:11:45,859:859.225034714 - ubuntu_sso.main - INFO - Shutting down, calling <function shutdown_func at 0x7f115252d398>.
2014-10-07 08:16:35,804:804.461956024 - ubuntu_sso.utils.translation - WARNING - Translations not found, using null translator.
2014-10-07 08:16:35,821:821.48194313 - ubuntu_sso.main - INFO - Setting up Ubuntu SSO service.
2014-10-07 08:16:35,829:829.430103302 - ubuntu_sso.main - INFO - Ubuntu SSO service started.
2014-10-07 08:16:35,829:829.591989517 - ubuntu_sso.account - INFO - Creating a new SSO access layer for service url u'https://login.ubuntu.com/api/1.0/'
2014-10-07 08:16:35,834:834.615945816 - ubuntu_sso.credentials - INFO - find_credentials: self.app_name dbus.String(u'Ubuntu Software Center'), result is {}? True
2014-10-07 08:16:35,834:834.78808403 - ubuntu_sso.main - INFO - 'CredentialsManagement': emitting 'CredentialsNotFound' with args (dbus.String(u'Ubuntu Software Center'),) and kwargs {}
2014-10-07 08:16:45,845:845.732927322 - ubuntu_sso.main - INFO - Shutting down, calling <function shutdown_func at 0x7f2bb3a8d398>.
2014-10-10 20:02:45,025:25.5889892578 - ubuntu_sso.utils.translation - WARNING - Translations not found, using null translator.
2014-10-10 20:02:45,367:367.403030396 - ubuntu_sso.main - INFO - Setting up Ubuntu SSO service.
2014-10-10 20:02:45,749:749.238014221 - ubuntu_sso.main - INFO - Ubuntu SSO service started.
2014-10-10 20:02:45,749:749.511957169 - ubuntu_sso.account - INFO - Creating a new SSO access layer for service url u'https://login.ubuntu.com/api/1.0/'
2014-10-10 20:02:45,835:835.423946381 - ubuntu_sso.credentials - INFO - find_credentials: self.app_name dbus.String(u'Ubuntu Software Center'), result is {}? True
2014-10-10 20:02:45,835:835.649013519 - ubuntu_sso.main - INFO - 'CredentialsManagement': emitting 'CredentialsNotFound' with args (dbus.String(u'Ubuntu Software Center'),) and kwargs {}
2014-10-10 20:02:55,862:862.900018692 - ubuntu_sso.main - INFO - Shutting down, calling <function shutdown_func at 0x7f2731e0e398>.
2014-10-10 20:07:46,303:303.133964539 - ubuntu_sso.utils.translation - WARNING - Translations not found, using null translator.
2014-10-10 20:07:46,322:322.499036789 - ubuntu_sso.main - INFO - Setting up Ubuntu SSO service.
2014-10-10 20:07:46,330:330.872058868 - ubuntu_sso.main - INFO - Ubuntu SSO service started.
2014-10-10 20:07:46,331:331.109046936 - ubuntu_sso.account - INFO - Creating a new SSO access layer for service url u'https://login.ubuntu.com/api/1.0/'
2014-10-10 20:07:46,335:335.916996002 - ubuntu_sso.credentials - INFO - find_credentials: self.app_name dbus.String(u'Ubuntu Software Center'), result is {}? True
2014-10-10 20:07:46,336:336.111068726 - ubuntu_sso.main - INFO - 'CredentialsManagement': emitting 'CredentialsNotFound' with args (dbus.String(u'Ubuntu Software Center'),) and kwargs {}
2014-10-10 20:07:56,344:344.521999359 - ubuntu_sso.main - INFO - Shutting down, calling <function shutdown_func at 0x7f15d35c3398>.
2014-10-13 10:55:31,751:751.519918442 - ubuntu_sso.utils.translation - WARNING - Translations not found, using null translator.
2014-10-13 10:55:32,153:153.937101364 - ubuntu_sso.main - INFO - Setting up Ubuntu SSO service.
2014-10-13 10:55:32,408:408.478021622 - ubuntu_sso.main - INFO - Ubuntu SSO service started.
2014-10-13 10:55:32,408:408.930063248 - ubuntu_sso.account - INFO - Creating a new SSO access layer for service url u'https://login.ubuntu.com/api/1.0/'
2014-10-13 10:55:32,498:498.703956604 - ubuntu_sso.credentials - INFO - find_credentials: self.app_name dbus.String(u'Ubuntu Software Center'), result is {}? True
2014-10-13 10:55:32,499:499.205112457 - ubuntu_sso.main - INFO - 'CredentialsManagement': emitting 'CredentialsNotFound' with args (dbus.String(u'Ubuntu Software Center'),) and kwargs {}
2014-10-13 10:55:42,527:527.031898499 - ubuntu_sso.main - INFO - Shutting down, calling <function shutdown_func at 0x7f7e47af6398>.
2014-10-13 11:00:32,839:839.749097824 - ubuntu_sso.utils.translation - WARNING - Translations not found, using null translator.
2014-10-13 11:00:32,855:855.309963226 - ubuntu_sso.main - INFO - Setting up Ubuntu SSO service.
2014-10-13 11:00:32,864:864.258050919 - ubuntu_sso.main - INFO - Ubuntu SSO service started.
2014-10-13 11:00:32,864:864.417076111 - ubuntu_sso.account - INFO - Creating a new SSO access layer for service url u'https://login.ubuntu.com/api/1.0/'
2014-10-13 11:00:32,869:869.563102722 - ubuntu_sso.credentials - INFO - find_credentials: self.app_name dbus.String(u'Ubuntu Software Center'), result is {}? True
2014-10-13 11:00:32,869:869.740009308 - ubuntu_sso.main - INFO - 'CredentialsManagement': emitting 'CredentialsNotFound' with args (dbus.String(u'Ubuntu Software Center'),) and kwargs {}
2014-10-13 11:00:42,875:875.253915787 - ubuntu_sso.main - INFO - Shutting down, calling <function shutdown_func at 0x7fba6d5d1398>.
2014-10-14 07:37:54,498:498.7180233 - ubuntu_sso.utils.translation - WARNING - Translations not found, using null translator.
2014-10-14 07:37:54,918:918.831110001 - ubuntu_sso.main - INFO - Setting up Ubuntu SSO service.
2014-10-14 07:37:55,168:168.968915939 - ubuntu_sso.main - INFO - Ubuntu SSO service started.
2014-10-14 07:37:55,169:169.440984726 - ubuntu_sso.account - INFO - Creating a new SSO access layer for service url u'https://login.ubuntu.com/api/1.0/'
2014-10-14 07:37:55,263:263.242959976 - ubuntu_sso.credentials - INFO - find_credentials: self.app_name dbus.String(u'Ubuntu Software Center'), result is {}? True
2014-10-14 07:37:55,263:263.961076736 - ubuntu_sso.main - INFO - 'CredentialsManagement': emitting 'CredentialsNotFound' with args (dbus.String(u'Ubuntu Software Center'),) and kwargs {}
2014-10-14 07:38:05,282:282.255887985 - ubuntu_sso.main - INFO - Shutting down, calling <function shutdown_func at 0x7f1ae7b4d398>.
2014-10-14 08:13:00,490:490.106105804 - ubuntu_sso.utils.translation - WARNING - Translations not found, using null translator.
2014-10-14 08:13:00,591:591.234922409 - ubuntu_sso.main - INFO - Setting up Ubuntu SSO service.
2014-10-14 08:13:00,665:665.776968002 - ubuntu_sso.main - INFO - Ubuntu SSO service started.
2014-10-14 08:13:00,666:666.225910187 - ubuntu_sso.account - INFO - Creating a new SSO access layer for service url u'https://login.ubuntu.com/api/1.0/'
2014-10-14 08:13:00,701:701.514959335 - ubuntu_sso.credentials - INFO - find_credentials: self.app_name dbus.String(u'Ubuntu Software Center'), result is {}? True
2014-10-14 08:13:00,702:702.152967453 - ubuntu_sso.main - INFO - 'CredentialsManagement': emitting 'CredentialsNotFound' with args (dbus.String(u'Ubuntu Software Center'),) and kwargs {}
2014-10-14 08:13:10,708:708.755970001 - ubuntu_sso.main - INFO - Shutting down, calling <function shutdown_func at 0x7f61a3657398>.
2014-10-15 10:37:32,889:889.223098755 - ubuntu_sso.utils.translation - WARNING - Translations not found, using null translator.
2014-10-15 10:37:33,196:196.7689991 - ubuntu_sso.main - INFO - Setting up Ubuntu SSO service.
2014-10-15 10:37:33,510:510.071992874 - ubuntu_sso.main - INFO - Ubuntu SSO service started.
2014-10-15 10:37:33,510:510.234117508 - ubuntu_sso.account - INFO - Creating a new SSO access layer for service url u'https://login.ubuntu.com/api/1.0/'
2014-10-15 10:37:33,680:680.321931839 - ubuntu_sso.credentials - INFO - find_credentials: self.app_name dbus.String(u'Ubuntu Software Center'), result is {}? True
2014-10-15 10:37:33,680:680.501937866 - ubuntu_sso.main - INFO - 'CredentialsManagement': emitting 'CredentialsNotFound' with args (dbus.String(u'Ubuntu Software Center'),) and kwargs {}
2014-10-15 10:37:43,703:703.351020813 - ubuntu_sso.main - INFO - Shutting down, calling <function shutdown_func at 0x7f5c16499398>.
2014-10-15 10:42:34,360:360.898971558 - ubuntu_sso.utils.translation - WARNING - Translations not found, using null translator.
2014-10-15 10:42:34,387:387.833118439 - ubuntu_sso.main - INFO - Setting up Ubuntu SSO service.
2014-10-15 10:42:34,397:397.125005722 - ubuntu_sso.main - INFO - Ubuntu SSO service started.
2014-10-15 10:42:34,397:397.284030914 - ubuntu_sso.account - INFO - Creating a new SSO access layer for service url u'https://login.ubuntu.com/api/1.0/'
2014-10-15 10:42:34,403:403.156042099 - ubuntu_sso.credentials - INFO - find_credentials: self.app_name dbus.String(u'Ubuntu Software Center'), result is {}? True
2014-10-15 10:42:34,403:403.40089798 - ubuntu_sso.main - INFO - 'CredentialsManagement': emitting 'CredentialsNotFound' with args (dbus.String(u'Ubuntu Software Center'),) and kwargs {}
2014-10-15 10:42:44,405:405.962944031 - ubuntu_sso.main - INFO - Shutting down, calling <function shutdown_func at 0x7f8cc55f2398>.
2014-10-25 17:45:54,373:373.469114304 - ubuntu_sso.utils.translation - WARNING - Translations not found, using null translator.
2014-10-25 17:45:54,682:682.899951935 - ubuntu_sso.main - INFO - Setting up Ubuntu SSO service.
2014-10-25 17:45:55,200:200.865030289 - ubuntu_sso.main - INFO - Ubuntu SSO service started.
2014-10-25 17:45:55,201:201.064109802 - ubuntu_sso.account - INFO - Creating a new SSO access layer for service url u'https://login.ubuntu.com/api/1.0/'
2014-10-25 17:45:55,280:280.096054077 - ubuntu_sso.credentials - INFO - find_credentials: self.app_name dbus.String(u'Ubuntu Software Center'), result is {}? True
2014-10-25 17:45:55,280:280.355930328 - ubuntu_sso.main - INFO - 'CredentialsManagement': emitting 'CredentialsNotFound' with args (dbus.String(u'Ubuntu Software Center'),) and kwargs {}
2014-10-25 17:46:05,300:300.343990326 - ubuntu_sso.main - INFO - Shutting down, calling <function shutdown_func at 0x7fa16955b398>.
2014-10-25 17:50:56,112:112.75100708 - ubuntu_sso.utils.translation - WARNING - Translations not found, using null translator.
2014-10-25 17:50:56,131:131.88791275 - ubuntu_sso.main - INFO - Setting up Ubuntu SSO service.
2014-10-25 17:50:56,142:142.687082291 - ubuntu_sso.main - INFO - Ubuntu SSO service started.
2014-10-25 17:50:56,142:142.909049988 - ubuntu_sso.account - INFO - Creating a new SSO access layer for service url u'https://login.ubuntu.com/api/1.0/'
2014-10-25 17:50:56,149:149.686098099 - ubuntu_sso.credentials - INFO - find_credentials: self.app_name dbus.String(u'Ubuntu Software Center'), result is {}? True
2014-10-25 17:50:56,149:149.96099472 - ubuntu_sso.main - INFO - 'CredentialsManagement': emitting 'CredentialsNotFound' with args (dbus.String(u'Ubuntu Software Center'),) and kwargs {}
2014-10-25 17:51:06,160:160.712957382 - ubuntu_sso.main - INFO - Shutting down, calling <function shutdown_func at 0x7f04f0727398>.
